2022.12.08 09:56:50 INFO  tracing is disabled for protocol LSP, to enable tracing of incoming and outgoing JSON messages create an empty file at c:\Users\maist\Documents\Coding\CSCI4448\OOAD_ProjectZST_Mai_Nguyen_Rayborn\.metals\lsp.trace.json or C:\Users\maist\AppData\Local\scalameta\metals\cache\lsp.trace.json
2022.12.08 09:56:53 INFO  logging to file C:\Users\maist\Documents\Coding\CSCI4448\OOAD_ProjectZST_Mai_Nguyen_Rayborn\.metals\metals.log
2022.12.08 09:56:53 INFO  Started: Metals version 0.11.9 in workspace 'C:\Users\maist\Documents\Coding\CSCI4448\OOAD_ProjectZST_Mai_Nguyen_Rayborn' for client Visual Studio Code 1.74.0.
2022.12.08 09:56:53 WARN  Can't instantiate JavaInteractiveSemanticdb (version: JdkVersion(8), jdkHome: C:\Program Files (x86)\Java\jre1.8.0_351, javac exists: false)
2022.12.08 09:56:54 INFO  time: initialize in 1.21s
2022.12.08 09:56:56 WARN  Build server is not auto-connectable.
2022.12.08 09:56:56 WARN  no build tool detected in workspace 'C:\Users\maist\Documents\Coding\CSCI4448\OOAD_ProjectZST_Mai_Nguyen_Rayborn'. The most common cause for this problem is that the editor was opened in the wrong working directory, for example if you use sbt then the workspace directory should contain build.sbt. 
2022.12.08 09:56:56 WARN  no build target for: C:\Users\maist\Documents\Coding\CSCI4448\OOAD_ProjectZST_Mai_Nguyen_Rayborn\src\Game.java
2022.12.08 09:58:29 WARN  no build target for: C:\Users\maist\Documents\Coding\CSCI4448\OOAD_ProjectZST_Mai_Nguyen_Rayborn\src\Heroes.java
Dec 08, 2022 9:59:12 AM org.eclipse.lsp4j.jsonrpc.RemoteEndpoint handleCancellation
WARNING: Unmatched cancel notification for request id 96
Dec 08, 2022 10:00:44 AM org.eclipse.lsp4j.jsonrpc.RemoteEndpoint handleCancellation
WARNING: Unmatched cancel notification for request id 319
2022.12.08 10:00:54 WARN  no build target for: C:\Users\maist\Documents\Coding\CSCI4448\OOAD_ProjectZST_Mai_Nguyen_Rayborn\src\Heroes.java
2022.12.08 10:01:05 WARN  no build target for: C:\Users\maist\Documents\Coding\CSCI4448\OOAD_ProjectZST_Mai_Nguyen_Rayborn\src\Heroes.java
2022.12.08 10:01:08 WARN  no build target for: C:\Users\maist\Documents\Coding\CSCI4448\OOAD_ProjectZST_Mai_Nguyen_Rayborn\src\Heroes.java
2022.12.08 10:01:37 WARN  no build target for: C:\Users\maist\Documents\Coding\CSCI4448\OOAD_ProjectZST_Mai_Nguyen_Rayborn\src\Maps.java
2022.12.08 10:01:56 WARN  no build target for: C:\Users\maist\Documents\Coding\CSCI4448\OOAD_ProjectZST_Mai_Nguyen_Rayborn\src\Maps.java
2022.12.08 10:02:16 WARN  no build target for: C:\Users\maist\Documents\Coding\CSCI4448\OOAD_ProjectZST_Mai_Nguyen_Rayborn\src\Heroes.java
2022.12.08 10:02:19 WARN  no build target for: C:\Users\maist\Documents\Coding\CSCI4448\OOAD_ProjectZST_Mai_Nguyen_Rayborn\src\Heroes.java
2022.12.08 10:03:18 WARN  no build target for: C:\Users\maist\Documents\Coding\CSCI4448\OOAD_ProjectZST_Mai_Nguyen_Rayborn\src\Maps.java
2022.12.08 10:03:50 WARN  no build target for: C:\Users\maist\Documents\Coding\CSCI4448\OOAD_ProjectZST_Mai_Nguyen_Rayborn\src\Heroes.java
Dec 08, 2022 10:03:58 AM org.eclipse.lsp4j.jsonrpc.RemoteEndpoint handleCancellation
WARNING: Unmatched cancel notification for request id 909
Dec 08, 2022 10:04:10 AM org.eclipse.lsp4j.jsonrpc.RemoteEndpoint handleCancellation
WARNING: Unmatched cancel notification for request id 962
2022.12.08 10:05:36 WARN  no build target for: C:\Users\maist\Documents\Coding\CSCI4448\OOAD_ProjectZST_Mai_Nguyen_Rayborn\src\Heroes.java
2022.12.08 10:06:45 WARN  no build target for: C:\Users\maist\Documents\Coding\CSCI4448\OOAD_ProjectZST_Mai_Nguyen_Rayborn\src\Heroes.java
2022.12.08 10:06:50 WARN  no build target for: C:\Users\maist\Documents\Coding\CSCI4448\OOAD_ProjectZST_Mai_Nguyen_Rayborn\src\Heroes.java
2022.12.08 10:07:00 WARN  no build target for: C:\Users\maist\Documents\Coding\CSCI4448\OOAD_ProjectZST_Mai_Nguyen_Rayborn\src\Heroes.java
2022.12.08 10:09:05 WARN  no build target for: C:\Users\maist\Documents\Coding\CSCI4448\OOAD_ProjectZST_Mai_Nguyen_Rayborn\src\Game.java
2022.12.08 10:09:09 WARN  no build target for: C:\Users\maist\Documents\Coding\CSCI4448\OOAD_ProjectZST_Mai_Nguyen_Rayborn\src\Game.java
2022.12.08 10:09:32 WARN  no build target for: C:\Users\maist\Documents\Coding\CSCI4448\OOAD_ProjectZST_Mai_Nguyen_Rayborn\src\Game.java
2022.12.08 10:09:33 WARN  no build target for: C:\Users\maist\Documents\Coding\CSCI4448\OOAD_ProjectZST_Mai_Nguyen_Rayborn\src\Game.java
2022.12.08 10:09:43 WARN  no build target for: C:\Users\maist\Documents\Coding\CSCI4448\OOAD_ProjectZST_Mai_Nguyen_Rayborn\src\Game.java
2022.12.08 10:09:49 WARN  no build target for: C:\Users\maist\Documents\Coding\CSCI4448\OOAD_ProjectZST_Mai_Nguyen_Rayborn\src\Game.java
2022.12.08 10:09:54 WARN  no build target for: C:\Users\maist\Documents\Coding\CSCI4448\OOAD_ProjectZST_Mai_Nguyen_Rayborn\src\Game.java
